CRITICAL - 2021-08-27 11:49:46 --> Undefined variable $css_files
#0 /home/farhad/Project/Codiegniter/meat/app/Views/templates/header.php(11): CodeIgniter\Debug\Exceptions->errorHandler()
#1 /home/farhad/Project/Codiegniter/meat/vendor/codeigniter4/framework/system/View/View.php(230): include('...')
#2 /home/farhad/Project/Codiegniter/meat/vendor/codeigniter4/framework/system/View/View.php(232): CodeIgniter\View\View->CodeIgniter\View\{closure}()
#3 /home/farhad/Project/Codiegniter/meat/vendor/codeigniter4/framework/system/Common.php(1271): CodeIgniter\View\View->render()
#4 /home/farhad/Project/Codiegniter/meat/app/Controllers/Users.php(20): view()
#5 /home/farhad/Project/Codiegniter/meat/vendor/codeigniter4/framework/system/CodeIgniter.php(928): App\Controllers\Users->users_management()
#6 /home/farhad/Project/Codiegniter/meat/vendor/codeigniter4/framework/system/CodeIgniter.php(436): CodeIgniter\CodeIgniter->runController()
#7 /home/farhad/Project/Codiegniter/meat/vendor/codeigniter4/framework/system/CodeIgniter.php(336): CodeIgniter\CodeIgniter->handleRequest()
#8 /home/farhad/Project/Codiegniter/meat/public/index.php(37): CodeIgniter\CodeIgniter->run()
#9 /home/farhad/Project/Codiegniter/meat/vendor/codeigniter4/framework/system/Commands/Server/rewrite.php(45): require_once('...')
#10 {main}
CRITICAL - 2021-08-27 11:52:49 --> Undefined variable $uri
#0 /home/farhad/Project/Codiegniter/meat/app/Views/users.php(25): CodeIgniter\Debug\Exceptions->errorHandler()
#1 /home/farhad/Project/Codiegniter/meat/vendor/codeigniter4/framework/system/View/View.php(230): include('...')
#2 /home/farhad/Project/Codiegniter/meat/vendor/codeigniter4/framework/system/View/View.php(232): CodeIgniter\View\View->CodeIgniter\View\{closure}()
#3 /home/farhad/Project/Codiegniter/meat/vendor/codeigniter4/framework/system/Common.php(1271): CodeIgniter\View\View->render()
#4 /home/farhad/Project/Codiegniter/meat/app/Controllers/Users.php(21): view()
#5 /home/farhad/Project/Codiegniter/meat/vendor/codeigniter4/framework/system/CodeIgniter.php(928): App\Controllers\Users->users_management()
#6 /home/farhad/Project/Codiegniter/meat/vendor/codeigniter4/framework/system/CodeIgniter.php(436): CodeIgniter\CodeIgniter->runController()
#7 /home/farhad/Project/Codiegniter/meat/vendor/codeigniter4/framework/system/CodeIgniter.php(336): CodeIgniter\CodeIgniter->handleRequest()
#8 /home/farhad/Project/Codiegniter/meat/public/index.php(37): CodeIgniter\CodeIgniter->run()
#9 /home/farhad/Project/Codiegniter/meat/vendor/codeigniter4/framework/system/Commands/Server/rewrite.php(45): require_once('...')
#10 {main}
ERROR - 2021-08-27 12:11:38 --> Not unique table/alias: 'user_roles'
CRITICAL - 2021-08-27 12:11:38 --> Not unique table/alias: 'user_roles'
#0 /home/farhad/Project/Codiegniter/meat/vendor/codeigniter4/framework/system/Database/MySQLi/Connection.php(329): mysqli->query()
#1 /home/farhad/Project/Codiegniter/meat/vendor/codeigniter4/framework/system/Database/BaseConnection.php(732): CodeIgniter\Database\MySQLi\Connection->execute()
#2 /home/farhad/Project/Codiegniter/meat/vendor/codeigniter4/framework/system/Database/BaseConnection.php(647): CodeIgniter\Database\BaseConnection->simpleQuery()
#3 /home/farhad/Project/Codiegniter/meat/vendor/codeigniter4/framework/system/Database/BaseBuilder.php(1881): CodeIgniter\Database\BaseConnection->query()
#4 /home/farhad/Project/Codiegniter/meat/app/Models/GroceryCrudModel.php(89): CodeIgniter\Database\BaseBuilder->get()
#5 /home/farhad/Project/Codiegniter/meat/app/Libraries/GroceryCrud.php(1383): App\Models\GroceryCrudModel->get_list()
#6 /home/farhad/Project/Codiegniter/meat/app/Libraries/GroceryCrud.php(1503): App\Libraries\grocery_CRUD_Model_Driver->get_list()
#7 /home/farhad/Project/Codiegniter/meat/app/Libraries/GroceryCrud.php(4496): App\Libraries\grocery_CRUD_Layout->showList()
#8 /home/farhad/Project/Codiegniter/meat/app/Controllers/Users.php(24): App\Libraries\GroceryCrud->render()
#9 /home/farhad/Project/Codiegniter/meat/vendor/codeigniter4/framework/system/CodeIgniter.php(928): App\Controllers\Users->users_management()
#10 /home/farhad/Project/Codiegniter/meat/vendor/codeigniter4/framework/system/CodeIgniter.php(436): CodeIgniter\CodeIgniter->runController()
#11 /home/farhad/Project/Codiegniter/meat/vendor/codeigniter4/framework/system/CodeIgniter.php(336): CodeIgniter\CodeIgniter->handleRequest()
#12 /home/farhad/Project/Codiegniter/meat/public/index.php(37): CodeIgniter\CodeIgniter->run()
#13 /home/farhad/Project/Codiegniter/meat/vendor/codeigniter4/framework/system/Commands/Server/rewrite.php(45): require_once('...')
#14 {main}
ERROR - 2021-08-27 12:12:04 --> Not unique table/alias: 'user_roles'
CRITICAL - 2021-08-27 12:12:04 --> Not unique table/alias: 'user_roles'
#0 /home/farhad/Project/Codiegniter/meat/vendor/codeigniter4/framework/system/Database/MySQLi/Connection.php(329): mysqli->query()
#1 /home/farhad/Project/Codiegniter/meat/vendor/codeigniter4/framework/system/Database/BaseConnection.php(732): CodeIgniter\Database\MySQLi\Connection->execute()
#2 /home/farhad/Project/Codiegniter/meat/vendor/codeigniter4/framework/system/Database/BaseConnection.php(647): CodeIgniter\Database\BaseConnection->simpleQuery()
#3 /home/farhad/Project/Codiegniter/meat/vendor/codeigniter4/framework/system/Database/BaseBuilder.php(1881): CodeIgniter\Database\BaseConnection->query()
#4 /home/farhad/Project/Codiegniter/meat/app/Models/GroceryCrudModel.php(89): CodeIgniter\Database\BaseBuilder->get()
#5 /home/farhad/Project/Codiegniter/meat/app/Libraries/GroceryCrud.php(1383): App\Models\GroceryCrudModel->get_list()
#6 /home/farhad/Project/Codiegniter/meat/app/Libraries/GroceryCrud.php(1503): App\Libraries\grocery_CRUD_Model_Driver->get_list()
#7 /home/farhad/Project/Codiegniter/meat/app/Libraries/GroceryCrud.php(4496): App\Libraries\grocery_CRUD_Layout->showList()
#8 /home/farhad/Project/Codiegniter/meat/app/Controllers/Users.php(21): App\Libraries\GroceryCrud->render()
#9 /home/farhad/Project/Codiegniter/meat/vendor/codeigniter4/framework/system/CodeIgniter.php(928): App\Controllers\Users->users_management()
#10 /home/farhad/Project/Codiegniter/meat/vendor/codeigniter4/framework/system/CodeIgniter.php(436): CodeIgniter\CodeIgniter->runController()
#11 /home/farhad/Project/Codiegniter/meat/vendor/codeigniter4/framework/system/CodeIgniter.php(336): CodeIgniter\CodeIgniter->handleRequest()
#12 /home/farhad/Project/Codiegniter/meat/public/index.php(37): CodeIgniter\CodeIgniter->run()
#13 /home/farhad/Project/Codiegniter/meat/vendor/codeigniter4/framework/system/Commands/Server/rewrite.php(45): require_once('...')
#14 {main}
ERROR - 2021-08-27 12:17:50 --> Not unique table/alias: 'user_roles'
CRITICAL - 2021-08-27 12:17:50 --> Not unique table/alias: 'user_roles'
#0 /home/farhad/Project/Codiegniter/meat/vendor/codeigniter4/framework/system/Database/MySQLi/Connection.php(329): mysqli->query()
#1 /home/farhad/Project/Codiegniter/meat/vendor/codeigniter4/framework/system/Database/BaseConnection.php(732): CodeIgniter\Database\MySQLi\Connection->execute()
#2 /home/farhad/Project/Codiegniter/meat/vendor/codeigniter4/framework/system/Database/BaseConnection.php(647): CodeIgniter\Database\BaseConnection->simpleQuery()
#3 /home/farhad/Project/Codiegniter/meat/vendor/codeigniter4/framework/system/Database/BaseBuilder.php(1881): CodeIgniter\Database\BaseConnection->query()
#4 /home/farhad/Project/Codiegniter/meat/app/Models/GroceryCrudModel.php(89): CodeIgniter\Database\BaseBuilder->get()
#5 /home/farhad/Project/Codiegniter/meat/app/Libraries/GroceryCrud.php(1383): App\Models\GroceryCrudModel->get_list()
#6 /home/farhad/Project/Codiegniter/meat/app/Libraries/GroceryCrud.php(1503): App\Libraries\grocery_CRUD_Model_Driver->get_list()
#7 /home/farhad/Project/Codiegniter/meat/app/Libraries/GroceryCrud.php(4496): App\Libraries\grocery_CRUD_Layout->showList()
#8 /home/farhad/Project/Codiegniter/meat/app/Controllers/Users.php(21): App\Libraries\GroceryCrud->render()
#9 /home/farhad/Project/Codiegniter/meat/vendor/codeigniter4/framework/system/CodeIgniter.php(928): App\Controllers\Users->users_management()
#10 /home/farhad/Project/Codiegniter/meat/vendor/codeigniter4/framework/system/CodeIgniter.php(436): CodeIgniter\CodeIgniter->runController()
#11 /home/farhad/Project/Codiegniter/meat/vendor/codeigniter4/framework/system/CodeIgniter.php(336): CodeIgniter\CodeIgniter->handleRequest()
#12 /home/farhad/Project/Codiegniter/meat/public/index.php(37): CodeIgniter\CodeIgniter->run()
#13 /home/farhad/Project/Codiegniter/meat/vendor/codeigniter4/framework/system/Commands/Server/rewrite.php(45): require_once('...')
#14 {main}
ERROR - 2021-08-27 12:21:45 --> Unknown column 'users.role_id' in 'on clause'
CRITICAL - 2021-08-27 12:21:45 --> Unknown column 'users.role_id' in 'on clause'
#0 /home/farhad/Project/Codiegniter/meat/vendor/codeigniter4/framework/system/Database/MySQLi/Connection.php(329): mysqli->query()
#1 /home/farhad/Project/Codiegniter/meat/vendor/codeigniter4/framework/system/Database/BaseConnection.php(732): CodeIgniter\Database\MySQLi\Connection->execute()
#2 /home/farhad/Project/Codiegniter/meat/vendor/codeigniter4/framework/system/Database/BaseConnection.php(647): CodeIgniter\Database\BaseConnection->simpleQuery()
#3 /home/farhad/Project/Codiegniter/meat/vendor/codeigniter4/framework/system/Database/BaseBuilder.php(1881): CodeIgniter\Database\BaseConnection->query()
#4 /home/farhad/Project/Codiegniter/meat/app/Models/GroceryCrudModel.php(89): CodeIgniter\Database\BaseBuilder->get()
#5 /home/farhad/Project/Codiegniter/meat/app/Libraries/GroceryCrud.php(1383): App\Models\GroceryCrudModel->get_list()
#6 /home/farhad/Project/Codiegniter/meat/app/Libraries/GroceryCrud.php(1503): App\Libraries\grocery_CRUD_Model_Driver->get_list()
#7 /home/farhad/Project/Codiegniter/meat/app/Libraries/GroceryCrud.php(4496): App\Libraries\grocery_CRUD_Layout->showList()
#8 /home/farhad/Project/Codiegniter/meat/app/Controllers/Users.php(23): App\Libraries\GroceryCrud->render()
#9 /home/farhad/Project/Codiegniter/meat/vendor/codeigniter4/framework/system/CodeIgniter.php(928): App\Controllers\Users->users_management()
#10 /home/farhad/Project/Codiegniter/meat/vendor/codeigniter4/framework/system/CodeIgniter.php(436): CodeIgniter\CodeIgniter->runController()
#11 /home/farhad/Project/Codiegniter/meat/vendor/codeigniter4/framework/system/CodeIgniter.php(336): CodeIgniter\CodeIgniter->handleRequest()
#12 /home/farhad/Project/Codiegniter/meat/public/index.php(37): CodeIgniter\CodeIgniter->run()
#13 /home/farhad/Project/Codiegniter/meat/vendor/codeigniter4/framework/system/Commands/Server/rewrite.php(45): require_once('...')
#14 {main}
ERROR - 2021-08-27 12:22:00 --> Unknown column 'users.role_id' in 'on clause'
CRITICAL - 2021-08-27 12:22:00 --> Unknown column 'users.role_id' in 'on clause'
#0 /home/farhad/Project/Codiegniter/meat/vendor/codeigniter4/framework/system/Database/MySQLi/Connection.php(329): mysqli->query()
#1 /home/farhad/Project/Codiegniter/meat/vendor/codeigniter4/framework/system/Database/BaseConnection.php(732): CodeIgniter\Database\MySQLi\Connection->execute()
#2 /home/farhad/Project/Codiegniter/meat/vendor/codeigniter4/framework/system/Database/BaseConnection.php(647): CodeIgniter\Database\BaseConnection->simpleQuery()
#3 /home/farhad/Project/Codiegniter/meat/vendor/codeigniter4/framework/system/Database/BaseBuilder.php(1881): CodeIgniter\Database\BaseConnection->query()
#4 /home/farhad/Project/Codiegniter/meat/app/Models/GroceryCrudModel.php(89): CodeIgniter\Database\BaseBuilder->get()
#5 /home/farhad/Project/Codiegniter/meat/app/Libraries/GroceryCrud.php(1383): App\Models\GroceryCrudModel->get_list()
#6 /home/farhad/Project/Codiegniter/meat/app/Libraries/GroceryCrud.php(1503): App\Libraries\grocery_CRUD_Model_Driver->get_list()
#7 /home/farhad/Project/Codiegniter/meat/app/Libraries/GroceryCrud.php(4496): App\Libraries\grocery_CRUD_Layout->showList()
#8 /home/farhad/Project/Codiegniter/meat/app/Controllers/Users.php(23): App\Libraries\GroceryCrud->render()
#9 /home/farhad/Project/Codiegniter/meat/vendor/codeigniter4/framework/system/CodeIgniter.php(928): App\Controllers\Users->users_management()
#10 /home/farhad/Project/Codiegniter/meat/vendor/codeigniter4/framework/system/CodeIgniter.php(436): CodeIgniter\CodeIgniter->runController()
#11 /home/farhad/Project/Codiegniter/meat/vendor/codeigniter4/framework/system/CodeIgniter.php(336): CodeIgniter\CodeIgniter->handleRequest()
#12 /home/farhad/Project/Codiegniter/meat/public/index.php(37): CodeIgniter\CodeIgniter->run()
#13 /home/farhad/Project/Codiegniter/meat/vendor/codeigniter4/framework/system/Commands/Server/rewrite.php(45): require_once('...')
#14 {main}
ERROR - 2021-08-27 12:22:15 --> Unknown column 'users.role_id' in 'on clause'
CRITICAL - 2021-08-27 12:22:15 --> Unknown column 'users.role_id' in 'on clause'
#0 /home/farhad/Project/Codiegniter/meat/vendor/codeigniter4/framework/system/Database/MySQLi/Connection.php(329): mysqli->query()
#1 /home/farhad/Project/Codiegniter/meat/vendor/codeigniter4/framework/system/Database/BaseConnection.php(732): CodeIgniter\Database\MySQLi\Connection->execute()
#2 /home/farhad/Project/Codiegniter/meat/vendor/codeigniter4/framework/system/Database/BaseConnection.php(647): CodeIgniter\Database\BaseConnection->simpleQuery()
#3 /home/farhad/Project/Codiegniter/meat/vendor/codeigniter4/framework/system/Database/BaseBuilder.php(1881): CodeIgniter\Database\BaseConnection->query()
#4 /home/farhad/Project/Codiegniter/meat/app/Models/GroceryCrudModel.php(89): CodeIgniter\Database\BaseBuilder->get()
#5 /home/farhad/Project/Codiegniter/meat/app/Libraries/GroceryCrud.php(1383): App\Models\GroceryCrudModel->get_list()
#6 /home/farhad/Project/Codiegniter/meat/app/Libraries/GroceryCrud.php(1503): App\Libraries\grocery_CRUD_Model_Driver->get_list()
#7 /home/farhad/Project/Codiegniter/meat/app/Libraries/GroceryCrud.php(4496): App\Libraries\grocery_CRUD_Layout->showList()
#8 /home/farhad/Project/Codiegniter/meat/app/Controllers/Users.php(23): App\Libraries\GroceryCrud->render()
#9 /home/farhad/Project/Codiegniter/meat/vendor/codeigniter4/framework/system/CodeIgniter.php(928): App\Controllers\Users->users_management()
#10 /home/farhad/Project/Codiegniter/meat/vendor/codeigniter4/framework/system/CodeIgniter.php(436): CodeIgniter\CodeIgniter->runController()
#11 /home/farhad/Project/Codiegniter/meat/vendor/codeigniter4/framework/system/CodeIgniter.php(336): CodeIgniter\CodeIgniter->handleRequest()
#12 /home/farhad/Project/Codiegniter/meat/public/index.php(37): CodeIgniter\CodeIgniter->run()
#13 /home/farhad/Project/Codiegniter/meat/vendor/codeigniter4/framework/system/Commands/Server/rewrite.php(45): require_once('...')
#14 {main}
ERROR - 2021-08-27 12:23:35 --> Unknown column 'users.role_id' in 'on clause'
CRITICAL - 2021-08-27 12:23:35 --> Unknown column 'users.role_id' in 'on clause'
#0 /home/farhad/Project/Codiegniter/meat/vendor/codeigniter4/framework/system/Database/MySQLi/Connection.php(329): mysqli->query()
#1 /home/farhad/Project/Codiegniter/meat/vendor/codeigniter4/framework/system/Database/BaseConnection.php(732): CodeIgniter\Database\MySQLi\Connection->execute()
#2 /home/farhad/Project/Codiegniter/meat/vendor/codeigniter4/framework/system/Database/BaseConnection.php(647): CodeIgniter\Database\BaseConnection->simpleQuery()
#3 /home/farhad/Project/Codiegniter/meat/vendor/codeigniter4/framework/system/Database/BaseBuilder.php(1881): CodeIgniter\Database\BaseConnection->query()
#4 /home/farhad/Project/Codiegniter/meat/app/Models/GroceryCrudModel.php(89): CodeIgniter\Database\BaseBuilder->get()
#5 /home/farhad/Project/Codiegniter/meat/app/Libraries/GroceryCrud.php(1383): App\Models\GroceryCrudModel->get_list()
#6 /home/farhad/Project/Codiegniter/meat/app/Libraries/GroceryCrud.php(1503): App\Libraries\grocery_CRUD_Model_Driver->get_list()
#7 /home/farhad/Project/Codiegniter/meat/app/Libraries/GroceryCrud.php(4496): App\Libraries\grocery_CRUD_Layout->showList()
#8 /home/farhad/Project/Codiegniter/meat/app/Controllers/Users.php(23): App\Libraries\GroceryCrud->render()
#9 /home/farhad/Project/Codiegniter/meat/vendor/codeigniter4/framework/system/CodeIgniter.php(928): App\Controllers\Users->users_management()
#10 /home/farhad/Project/Codiegniter/meat/vendor/codeigniter4/framework/system/CodeIgniter.php(436): CodeIgniter\CodeIgniter->runController()
#11 /home/farhad/Project/Codiegniter/meat/vendor/codeigniter4/framework/system/CodeIgniter.php(336): CodeIgniter\CodeIgniter->handleRequest()
#12 /home/farhad/Project/Codiegniter/meat/public/index.php(37): CodeIgniter\CodeIgniter->run()
#13 /home/farhad/Project/Codiegniter/meat/vendor/codeigniter4/framework/system/Commands/Server/rewrite.php(45): require_once('...')
#14 {main}
ERROR - 2021-08-27 13:36:55 --> Duplicate entry 'jitubd1971@gmail.com' for key 'NewIndex1'
CRITICAL - 2021-08-27 13:36:55 --> Duplicate entry 'jitubd1971@gmail.com' for key 'NewIndex1'
#0 /home/farhad/Project/Codiegniter/meat/vendor/codeigniter4/framework/system/Database/MySQLi/Connection.php(329): mysqli->query()
#1 /home/farhad/Project/Codiegniter/meat/vendor/codeigniter4/framework/system/Database/BaseConnection.php(732): CodeIgniter\Database\MySQLi\Connection->execute()
#2 /home/farhad/Project/Codiegniter/meat/vendor/codeigniter4/framework/system/Database/BaseConnection.php(647): CodeIgniter\Database\BaseConnection->simpleQuery()
#3 /home/farhad/Project/Codiegniter/meat/vendor/codeigniter4/framework/system/Database/BaseBuilder.php(2277): CodeIgniter\Database\BaseConnection->query()
#4 /home/farhad/Project/Codiegniter/meat/app/Models/GroceryCrudModel.php(491): CodeIgniter\Database\BaseBuilder->insert()
#5 /home/farhad/Project/Codiegniter/meat/app/Libraries/GroceryCrud.php(963): App\Models\GroceryCrudModel->db_insert()
#6 /home/farhad/Project/Codiegniter/meat/app/Libraries/GroceryCrud.php(4557): App\Libraries\grocery_CRUD_Model_Driver->db_insert()
#7 /home/farhad/Project/Codiegniter/meat/app/Controllers/Users.php(40): App\Libraries\GroceryCrud->render()
#8 /home/farhad/Project/Codiegniter/meat/vendor/codeigniter4/framework/system/CodeIgniter.php(928): App\Controllers\Users->users_management()
#9 /home/farhad/Project/Codiegniter/meat/vendor/codeigniter4/framework/system/CodeIgniter.php(436): CodeIgniter\CodeIgniter->runController()
#10 /home/farhad/Project/Codiegniter/meat/vendor/codeigniter4/framework/system/CodeIgniter.php(336): CodeIgniter\CodeIgniter->handleRequest()
#11 /home/farhad/Project/Codiegniter/meat/public/index.php(37): CodeIgniter\CodeIgniter->run()
#12 /home/farhad/Project/Codiegniter/meat/vendor/codeigniter4/framework/system/Commands/Server/rewrite.php(45): require_once('...')
#13 {main}
ERROR - 2021-08-27 13:37:04 --> Duplicate entry 'jitubd1971@gmail.com' for key 'NewIndex1'
CRITICAL - 2021-08-27 13:37:04 --> Duplicate entry 'jitubd1971@gmail.com' for key 'NewIndex1'
#0 /home/farhad/Project/Codiegniter/meat/vendor/codeigniter4/framework/system/Database/MySQLi/Connection.php(329): mysqli->query()
#1 /home/farhad/Project/Codiegniter/meat/vendor/codeigniter4/framework/system/Database/BaseConnection.php(732): CodeIgniter\Database\MySQLi\Connection->execute()
#2 /home/farhad/Project/Codiegniter/meat/vendor/codeigniter4/framework/system/Database/BaseConnection.php(647): CodeIgniter\Database\BaseConnection->simpleQuery()
#3 /home/farhad/Project/Codiegniter/meat/vendor/codeigniter4/framework/system/Database/BaseBuilder.php(2277): CodeIgniter\Database\BaseConnection->query()
#4 /home/farhad/Project/Codiegniter/meat/app/Models/GroceryCrudModel.php(491): CodeIgniter\Database\BaseBuilder->insert()
#5 /home/farhad/Project/Codiegniter/meat/app/Libraries/GroceryCrud.php(963): App\Models\GroceryCrudModel->db_insert()
#6 /home/farhad/Project/Codiegniter/meat/app/Libraries/GroceryCrud.php(4557): App\Libraries\grocery_CRUD_Model_Driver->db_insert()
#7 /home/farhad/Project/Codiegniter/meat/app/Controllers/Users.php(40): App\Libraries\GroceryCrud->render()
#8 /home/farhad/Project/Codiegniter/meat/vendor/codeigniter4/framework/system/CodeIgniter.php(928): App\Controllers\Users->users_management()
#9 /home/farhad/Project/Codiegniter/meat/vendor/codeigniter4/framework/system/CodeIgniter.php(436): CodeIgniter\CodeIgniter->runController()
#10 /home/farhad/Project/Codiegniter/meat/vendor/codeigniter4/framework/system/CodeIgniter.php(336): CodeIgniter\CodeIgniter->handleRequest()
#11 /home/farhad/Project/Codiegniter/meat/public/index.php(37): CodeIgniter\CodeIgniter->run()
#12 /home/farhad/Project/Codiegniter/meat/vendor/codeigniter4/framework/system/Commands/Server/rewrite.php(45): require_once('...')
#13 {main}
